<?xml version="1.0" encoding="UTF-8"?>
<!-- Generated by org.testng.reporters.JUnitXMLReporter -->
<testsuite hostname="Flipkarts-MacBook-Pro-92.local" name="Default test(failed)(failed)(failed)(failed)(failed)(failed)(failed)(failed)(failed)(failed)" tests="1" failures="1" timestamp="24 Jan 2013 17:39:35 GMT" time="0.474" errors="0">
  <testcase name="shouldReceiveCallBackOnReadRecords" time="0.425" classname="org.restq.journal.impl.JournalImplTest">
    <failure type="org.mockito.exceptions.verification.WantedButNotInvoked" message="
Wanted but not invoked:
journalReaderCallback.readAddRecord(
    Record [id=1, type=1]
);
-&amp;gt; at org.restq.journal.impl.JournalImplTest.shouldReceiveCallBackOnReadRecords(JournalImplTest.java:131)
Actually, there were zero interactions with this mock.
">
      <![CDATA[Wanted but not invoked:
journalReaderCallback.readAddRecord(
    Record [id=1, type=1]
);
-> at org.restq.journal.impl.JournalImplTest.shouldReceiveCallBackOnReadRecords(JournalImplTest.java:131)
Actually, there were zero interactions with this mock.

	at org.restq.journal.impl.JournalImplTest.shouldReceiveCallBackOnReadRecords(JournalImplTest.java:131)
... Removed 24 stack frames]]>
    </failure>
  </testcase>
</testsuite>
