<?xml version="1.0" encoding="UTF-8"?>
<testng-results skipped="0" failed="0" total="9" passed="9">
  <reporter-output>
  </reporter-output>
  <suite name="Default suite" duration-ms="115" started-at="2013-02-10T23:45:43Z" finished-at="2013-02-10T23:45:43Z">
    <groups>
    </groups>
    <test name="Default test" duration-ms="115" started-at="2013-02-10T23:45:43Z" finished-at="2013-02-10T23:45:43Z">
      <class name="org.restq.journal.impl.JournalFileImplTest">
        <test-method status="PASS" signature="setup()[pri:0, instance:org.restq.journal.impl.JournalFileImplTest@6c7d84ce]" name="setup" is-config="true" duration-ms="8" started-at="2013-02-10T23:45:43Z" finished-at="2013-02-10T23:45:43Z">
        </test-method>
        <test-method status="PASS" signature="shouldAllocateHeaderSpaceForNewFiles()[pri:0, instance:org.restq.journal.impl.JournalFileImplTest@6c7d84ce]" name="shouldAllocateHeaderSpaceForNewFiles" duration-ms="22" started-at="2013-02-10T23:45:43Z" finished-at="2013-02-10T23:45:43Z">
        </test-method>
        <test-method status="PASS" signature="destroy()[pri:0, instance:org.restq.journal.impl.JournalFileImplTest@6c7d84ce]" name="destroy" is-config="true" duration-ms="1" started-at="2013-02-10T23:45:43Z" finished-at="2013-02-10T23:45:43Z">
        </test-method>
        <test-method status="PASS" signature="setup()[pri:0, instance:org.restq.journal.impl.JournalFileImplTest@6c7d84ce]" name="setup" is-config="true" duration-ms="1" started-at="2013-02-10T23:45:43Z" finished-at="2013-02-10T23:45:43Z">
        </test-method>
        <test-method status="PASS" signature="shouldNotWriteRecordWhenSizeIsFull()[pri:0, instance:org.restq.journal.impl.JournalFileImplTest@6c7d84ce]" name="shouldNotWriteRecordWhenSizeIsFull" duration-ms="5" started-at="2013-02-10T23:45:43Z" finished-at="2013-02-10T23:45:43Z">
        </test-method>
        <test-method status="PASS" signature="destroy()[pri:0, instance:org.restq.journal.impl.JournalFileImplTest@6c7d84ce]" name="destroy" is-config="true" duration-ms="0" started-at="2013-02-10T23:45:43Z" finished-at="2013-02-10T23:45:43Z">
        </test-method>
        <test-method status="PASS" signature="setup()[pri:0, instance:org.restq.journal.impl.JournalFileImplTest@6c7d84ce]" name="setup" is-config="true" duration-ms="1" started-at="2013-02-10T23:45:43Z" finished-at="2013-02-10T23:45:43Z">
        </test-method>
        <test-method status="PASS" signature="shouldReadRecord()[pri:0, instance:org.restq.journal.impl.JournalFileImplTest@6c7d84ce]" name="shouldReadRecord" duration-ms="4" started-at="2013-02-10T23:45:43Z" finished-at="2013-02-10T23:45:43Z">
        </test-method>
        <test-method status="PASS" signature="destroy()[pri:0, instance:org.restq.journal.impl.JournalFileImplTest@6c7d84ce]" name="destroy" is-config="true" duration-ms="1" started-at="2013-02-10T23:45:43Z" finished-at="2013-02-10T23:45:43Z">
        </test-method>
        <test-method status="PASS" signature="setup()[pri:0, instance:org.restq.journal.impl.JournalFileImplTest@6c7d84ce]" name="setup" is-config="true" duration-ms="0" started-at="2013-02-10T23:45:43Z" finished-at="2013-02-10T23:45:43Z">
        </test-method>
        <test-method status="PASS" signature="shouldReturnFullWhenSizeExceedsMaxSize()[pri:0, instance:org.restq.journal.impl.JournalFileImplTest@6c7d84ce]" name="shouldReturnFullWhenSizeExceedsMaxSize" duration-ms="2" started-at="2013-02-10T23:45:43Z" finished-at="2013-02-10T23:45:43Z">
        </test-method>
        <test-method status="PASS" signature="destroy()[pri:0, instance:org.restq.journal.impl.JournalFileImplTest@6c7d84ce]" name="destroy" is-config="true" duration-ms="1" started-at="2013-02-10T23:45:43Z" finished-at="2013-02-10T23:45:43Z">
        </test-method>
        <test-method status="PASS" signature="shouldReturnNullWhenNothingToRead()[pri:0, instance:org.restq.journal.impl.JournalFileImplTest@6c7d84ce]" name="shouldReturnNullWhenNothingToRead" duration-ms="2" started-at="2013-02-10T23:45:43Z" finished-at="2013-02-10T23:45:43Z">
        </test-method>
        <test-method status="PASS" signature="setup()[pri:0, instance:org.restq.journal.impl.JournalFileImplTest@6c7d84ce]" name="setup" is-config="true" duration-ms="0" started-at="2013-02-10T23:45:43Z" finished-at="2013-02-10T23:45:43Z">
        </test-method>
        <test-method status="PASS" signature="destroy()[pri:0, instance:org.restq.journal.impl.JournalFileImplTest@6c7d84ce]" name="destroy" is-config="true" duration-ms="1" started-at="2013-02-10T23:45:43Z" finished-at="2013-02-10T23:45:43Z">
        </test-method>
        <test-method status="PASS" signature="shouldReturnSizeOfFile()[pri:0, instance:org.restq.journal.impl.JournalFileImplTest@6c7d84ce]" name="shouldReturnSizeOfFile" duration-ms="2" started-at="2013-02-10T23:45:43Z" finished-at="2013-02-10T23:45:43Z">
        </test-method>
        <test-method status="PASS" signature="setup()[pri:0, instance:org.restq.journal.impl.JournalFileImplTest@6c7d84ce]" name="setup" is-config="true" duration-ms="0" started-at="2013-02-10T23:45:43Z" finished-at="2013-02-10T23:45:43Z">
        </test-method>
        <test-method status="PASS" signature="destroy()[pri:0, instance:org.restq.journal.impl.JournalFileImplTest@6c7d84ce]" name="destroy" is-config="true" duration-ms="1" started-at="2013-02-10T23:45:43Z" finished-at="2013-02-10T23:45:43Z">
        </test-method>
        <test-method status="PASS" signature="setup()[pri:0, instance:org.restq.journal.impl.JournalFileImplTest@6c7d84ce]" name="setup" is-config="true" duration-ms="1" started-at="2013-02-10T23:45:43Z" finished-at="2013-02-10T23:45:43Z">
        </test-method>
        <test-method status="PASS" signature="shouldThrowExceptionWhenDirectoryIsNotFound()[pri:0, instance:org.restq.journal.impl.JournalFileImplTest@6c7d84ce]" name="shouldThrowExceptionWhenDirectoryIsNotFound" duration-ms="1" started-at="2013-02-10T23:45:43Z" finished-at="2013-02-10T23:45:43Z">
          <exception class="org.restq.core.RestQException">
            <message>
              <![CDATA[java.io.FileNotFoundException: ./test123/test (No such file or directory)]]>
            </message>
            <full-stacktrace>
              <![CDATA[org.restq.core.RestQException: java.io.FileNotFoundException: ./test123/test (No such file or directory)
	at org.restq.journal.impl.JournalFileImpl.<init>(JournalFileImpl.java:57)
	at org.restq.journal.impl.JournalFileImplTest.shouldThrowExceptionWhenDirectoryIsNotFound(JournalFileImplTest.java:38)
	at sun.reflect.NativeMethodAccessorImpl.invoke0(Native Method)
	at sun.reflect.NativeMethodAccessorImpl.invoke(NativeMethodAccessorImpl.java:57)
	at sun.reflect.DelegatingMethodAccessorImpl.invoke(DelegatingMethodAccessorImpl.java:43)
	at java.lang.reflect.Method.invoke(Method.java:601)
	at org.testng.internal.MethodInvocationHelper.invokeMethod(MethodInvocationHelper.java:80)
	at org.testng.internal.Invoker.invokeMethod(Invoker.java:691)
	at org.testng.internal.Invoker.invokeTestMethod(Invoker.java:883)
	at org.testng.internal.Invoker.invokeTestMethods(Invoker.java:1208)
	at org.testng.internal.TestMethodWorker.invokeTestMethods(TestMethodWorker.java:127)
	at org.testng.internal.TestMethodWorker.run(TestMethodWorker.java:111)
	at org.testng.TestRunner.privateRun(TestRunner.java:758)
	at org.testng.TestRunner.run(TestRunner.java:613)
	at org.testng.SuiteRunner.runTest(SuiteRunner.java:334)
	at org.testng.SuiteRunner.runSequentially(SuiteRunner.java:329)
	at org.testng.SuiteRunner.privateRun(SuiteRunner.java:291)
	at org.testng.SuiteRunner.run(SuiteRunner.java:240)
	at org.testng.SuiteRunnerWorker.runSuite(SuiteRunnerWorker.java:53)
	at org.testng.SuiteRunnerWorker.run(SuiteRunnerWorker.java:87)
	at org.testng.TestNG.runSuitesSequentially(TestNG.java:1141)
	at org.testng.TestNG.runSuitesLocally(TestNG.java:1066)
	at org.testng.TestNG.run(TestNG.java:978)
	at org.testng.remote.RemoteTestNG.run(RemoteTestNG.java:109)
	at org.testng.remote.RemoteTestNG.initAndRun(RemoteTestNG.java:202)
	at org.testng.remote.RemoteTestNG.main(RemoteTestNG.java:173)
Caused by: java.io.FileNotFoundException: ./test123/test (No such file or directory)
	at java.io.RandomAccessFile.open(Native Method)
	at java.io.RandomAccessFile.<init>(RandomAccessFile.java:233)
	at java.io.RandomAccessFile.<init>(RandomAccessFile.java:118)
	at org.restq.journal.impl.JournalFileImpl.<init>(JournalFileImpl.java:48)
	... 25 more
]]>
            </full-stacktrace>
          </exception>
        </test-method>
        <test-method status="PASS" signature="destroy()[pri:0, instance:org.restq.journal.impl.JournalFileImplTest@6c7d84ce]" name="destroy" is-config="true" duration-ms="0" started-at="2013-02-10T23:45:43Z" finished-at="2013-02-10T23:45:43Z">
        </test-method>
        <test-method status="PASS" signature="setup()[pri:0, instance:org.restq.journal.impl.JournalFileImplTest@6c7d84ce]" name="setup" is-config="true" duration-ms="0" started-at="2013-02-10T23:45:43Z" finished-at="2013-02-10T23:45:43Z">
        </test-method>
        <test-method status="PASS" signature="shouldThrowExceptionWhenMaxSizeIsLessThanHeaderSize()[pri:0, instance:org.restq.journal.impl.JournalFileImplTest@6c7d84ce]" name="shouldThrowExceptionWhenMaxSizeIsLessThanHeaderSize" duration-ms="2" started-at="2013-02-10T23:45:43Z" finished-at="2013-02-10T23:45:43Z">
          <exception class="org.restq.core.RestQException">
            <message>
              <![CDATA[Max size should be greater than 8]]>
            </message>
            <full-stacktrace>
              <![CDATA[org.restq.core.RestQException: Max size should be greater than 8
	at org.restq.journal.impl.JournalFileImpl.<init>(JournalFileImpl.java:45)
	at org.restq.journal.impl.JournalFileImplTest.shouldThrowExceptionWhenMaxSizeIsLessThanHeaderSize(JournalFileImplTest.java:43)
	at sun.reflect.NativeMethodAccessorImpl.invoke0(Native Method)
	at sun.reflect.NativeMethodAccessorImpl.invoke(NativeMethodAccessorImpl.java:57)
	at sun.reflect.DelegatingMethodAccessorImpl.invoke(DelegatingMethodAccessorImpl.java:43)
	at java.lang.reflect.Method.invoke(Method.java:601)
	at org.testng.internal.MethodInvocationHelper.invokeMethod(MethodInvocationHelper.java:80)
	at org.testng.internal.Invoker.invokeMethod(Invoker.java:691)
	at org.testng.internal.Invoker.invokeTestMethod(Invoker.java:883)
	at org.testng.internal.Invoker.invokeTestMethods(Invoker.java:1208)
	at org.testng.internal.TestMethodWorker.invokeTestMethods(TestMethodWorker.java:127)
	at org.testng.internal.TestMethodWorker.run(TestMethodWorker.java:111)
	at org.testng.TestRunner.privateRun(TestRunner.java:758)
	at org.testng.TestRunner.run(TestRunner.java:613)
	at org.testng.SuiteRunner.runTest(SuiteRunner.java:334)
	at org.testng.SuiteRunner.runSequentially(SuiteRunner.java:329)
	at org.testng.SuiteRunner.privateRun(SuiteRunner.java:291)
	at org.testng.SuiteRunner.run(SuiteRunner.java:240)
	at org.testng.SuiteRunnerWorker.runSuite(SuiteRunnerWorker.java:53)
	at org.testng.SuiteRunnerWorker.run(SuiteRunnerWorker.java:87)
	at org.testng.TestNG.runSuitesSequentially(TestNG.java:1141)
	at org.testng.TestNG.runSuitesLocally(TestNG.java:1066)
	at org.testng.TestNG.run(TestNG.java:978)
	at org.testng.remote.RemoteTestNG.run(RemoteTestNG.java:109)
	at org.testng.remote.RemoteTestNG.initAndRun(RemoteTestNG.java:202)
	at org.testng.remote.RemoteTestNG.main(RemoteTestNG.java:173)
]]>
            </full-stacktrace>
          </exception>
        </test-method>
        <test-method status="PASS" signature="destroy()[pri:0, instance:org.restq.journal.impl.JournalFileImplTest@6c7d84ce]" name="destroy" is-config="true" duration-ms="0" started-at="2013-02-10T23:45:43Z" finished-at="2013-02-10T23:45:43Z">
        </test-method>
        <test-method status="PASS" signature="setup()[pri:0, instance:org.restq.journal.impl.JournalFileImplTest@6c7d84ce]" name="setup" is-config="true" duration-ms="0" started-at="2013-02-10T23:45:43Z" finished-at="2013-02-10T23:45:43Z">
        </test-method>
        <test-method status="PASS" signature="shouldWriteRecord()[pri:0, instance:org.restq.journal.impl.JournalFileImplTest@6c7d84ce]" name="shouldWriteRecord" duration-ms="2" started-at="2013-02-10T23:45:43Z" finished-at="2013-02-10T23:45:43Z">
        </test-method>
        <test-method status="PASS" signature="destroy()[pri:0, instance:org.restq.journal.impl.JournalFileImplTest@6c7d84ce]" name="destroy" is-config="true" duration-ms="2" started-at="2013-02-10T23:45:43Z" finished-at="2013-02-10T23:45:43Z">
        </test-method>
      </class>
    </test>
  </suite>
</testng-results>
