<?xml version="1.0" encoding="UTF-8"?>
<!-- Generated by org.testng.reporters.JUnitXMLReporter -->
<testsuite hostname="Flipkarts-MacBook-Pro-117.local" name="Default test" tests="9" failures="0" timestamp="10 Feb 2013 18:15:44 GMT" time="0.115" errors="0">
  <testcase name="shouldAllocateHeaderSpaceForNewFiles" time="0.022" classname="org.restq.journal.impl.JournalFileImplTest"/>
  <testcase name="shouldNotWriteRecordWhenSizeIsFull" time="0.005" classname="org.restq.journal.impl.JournalFileImplTest"/>
  <testcase name="shouldReadRecord" time="0.004" classname="org.restq.journal.impl.JournalFileImplTest"/>
  <testcase name="shouldReturnFullWhenSizeExceedsMaxSize" time="0.002" classname="org.restq.journal.impl.JournalFileImplTest"/>
  <testcase name="shouldReturnNullWhenNothingToRead" time="0.002" classname="org.restq.journal.impl.JournalFileImplTest"/>
  <testcase name="shouldReturnSizeOfFile" time="0.002" classname="org.restq.journal.impl.JournalFileImplTest"/>
  <testcase name="shouldThrowExceptionWhenDirectoryIsNotFound" time="0.001" classname="org.restq.journal.impl.JournalFileImplTest"/>
  <testcase name="shouldThrowExceptionWhenMaxSizeIsLessThanHeaderSize" time="0.002" classname="org.restq.journal.impl.JournalFileImplTest"/>
  <testcase name="shouldWriteRecord" time="0.002" classname="org.restq.journal.impl.JournalFileImplTest"/>
</testsuite>
