<?xml version="1.0" encoding="UTF-8"?>
<!-- Generated by org.testng.reporters.JUnitXMLReporter -->
<testsuite hostname="Flipkarts-MacBook-Pro-92.local" name="Default test(failed)(failed)" tests="1" failures="1" timestamp="24 Jan 2013 17:12:35 GMT" time="0.608" errors="0">
  <testcase name="shouldReceiveCallBackOnReadRecords" time="0.554" classname="org.restq.journal.impl.JournalImplTest">
    <failure type="org.mockito.exceptions.verification.TooManyActualInvocations" message="
journalReaderCallback.readAddRecord(
    Record [id=1, type=1]
);
Wanted 1 time:
-&amp;gt; at org.restq.journal.impl.JournalImplTest.shouldReceiveCallBackOnReadRecords(JournalImplTest.java:131)
But was 3 times. Undesired invocation:
-&amp;gt; at org.restq.journal.impl.JournalImpl.readRecords(JournalImpl.java:107)
">
      <![CDATA[org.mockito.exceptions.verification.TooManyActualInvocations: 
journalReaderCallback.readAddRecord(
    Record [id=1, type=1]
);
Wanted 1 time:
-> at org.restq.journal.impl.JournalImplTest.shouldReceiveCallBackOnReadRecords(JournalImplTest.java:131)
But was 3 times. Undesired invocation:
-> at org.restq.journal.impl.JournalImpl.readRecords(JournalImpl.java:107)

	at org.restq.journal.impl.JournalImplTest.shouldReceiveCallBackOnReadRecords(JournalImplTest.java:131)
... Removed 24 stack frames]]>
    </failure>
  </testcase>
</testsuite>
